<?xml version="1.0" encoding="UTF-8"?>
<!-- Generated by org.testng.reporters.JUnitReportReporter -->
<testsuite skipped="0" hostname="MAGEIK-QA7" name="AutomationPractice.Maven_TestNG_Autopractice.Regression.Login.LoginTest" tests="1" failures="0" timestamp="26 Oct 2017 10:31:14 GMT" time="15.021" errors="0">
  <testcase name="signin" time="15.021" classname="AutomationPractice.Maven_TestNG_Autopractice.Regression.Login.LoginTest"/>
</testsuite> <!-- AutomationPractice.Maven_TestNG_Autopractice.Regression.Login.LoginTest -->
