<?xml version="1.0" encoding="UTF-8"?>
<!-- Generated by org.testng.reporters.JUnitReportReporter -->
<testsuite skipped="0" hostname="LENOVO" name="AutomationPractice.Maven_TestNG_Autopractice.Smoke.Login.LoginTest" tests="1" failures="0" timestamp="11 Oct 2017 15:47:00 GMT" time="0.145" errors="0">
  <testcase name="loginmethod" time="0.145" classname="AutomationPractice.Maven_TestNG_Autopractice.Smoke.Login.LoginTest"/>
</testsuite> <!-- AutomationPractice.Maven_TestNG_Autopractice.Smoke.Login.LoginTest -->
